<?xml version="1.0" encoding="UTF-8"?>
<!-- Generated by org.testng.reporters.JUnitReportReporter -->
<testsuite hostname="DESKTOP-CU5DURS" failures="0" tests="1" name="requestChaining.PostandUpdateTest" time="4.529" errors="0" timestamp="2022-09-05T17:44:52 IST" skipped="0">
  <testcase classname="requestChaining.PostandUpdateTest" name="postandupdate" time="4.529"/>
  <system-out/>
</testsuite> <!-- requestChaining.PostandUpdateTest -->
