<?xml version="1.0" encoding="UTF-8"?>
<!-- Generated by org.testng.reporters.JUnitReportReporter -->
<testsuite hostname="DESKTOP-CU5DURS" failures="0" tests="1" name="crudOperationWithoutBDD.GetsingleProject" time="2.374" errors="0" timestamp="2022-09-02T11:19:09 IST" skipped="0">
  <testcase classname="crudOperationWithoutBDD.GetsingleProject" name="getsingleProject" time="2.374"/>
  <system-out/>
</testsuite> <!-- crudOperationWithoutBDD.GetsingleProject -->
