<?xml version="1.0" encoding="UTF-8"?>
<!-- Generated by org.testng.reporters.JUnitReportReporter -->
<testsuite hostname="DESKTOP-CU5DURS" failures="0" tests="1" name="reqresApi.GetsingleUserNotFound" time="4.181" errors="0" timestamp="2022-09-05T11:26:11 IST" skipped="0">
  <testcase classname="reqresApi.GetsingleUserNotFound" name="getsingleuserNotFound" time="4.181"/>
  <system-out/>
</testsuite> <!-- reqresApi.GetsingleUserNotFound -->
