<?xml version="1.0" encoding="UTF-8"?>
<!-- Generated by org.testng.reporters.JUnitReportReporter -->
<testsuite hostname="DESKTOP-CU5DURS" failures="0" tests="1" name="crudOperationWithBDD.GetallProjectsTest" time="2.511" errors="0" timestamp="2022-09-02T15:31:02 IST" skipped="0">
  <testcase classname="crudOperationWithBDD.GetallProjectsTest" name="getallProjects" time="2.511"/>
  <system-out/>
</testsuite> <!-- crudOperationWithBDD.GetallProjectsTest -->
