<?xml version="1.0" encoding="UTF-8"?>
<!-- Generated by org.testng.reporters.JUnitReportReporter -->
<testsuite hostname="DESKTOP-CU5DURS" failures="0" tests="1" name="crudOperationWithBDD.DeleteProjectTest" time="2.615" errors="0" timestamp="2022-09-02T15:37:13 IST" skipped="0">
  <testcase classname="crudOperationWithBDD.DeleteProjectTest" name="deleteProject" time="2.615"/>
  <system-out/>
</testsuite> <!-- crudOperationWithBDD.DeleteProjectTest -->
