<?xml version="1.0" encoding="UTF-8"?>
<!-- Generated by org.testng.reporters.JUnitReportReporter -->
<testsuite hostname="DESKTOP-CU5DURS" failures="0" tests="1" name="crudOperationWithBDD.UpdateProjectTest" time="2.975" errors="0" timestamp="2022-09-02T15:28:11 IST" skipped="0">
  <testcase classname="crudOperationWithBDD.UpdateProjectTest" name="updateProject" time="2.975"/>
  <system-out/>
</testsuite> <!-- crudOperationWithBDD.UpdateProjectTest -->
