<?xml version="1.0" encoding="UTF-8"?>
<!-- Generated by org.testng.reporters.JUnitReportReporter -->
<testsuite hostname="DESKTOP-CU5DURS" failures="0" tests="1" name="crudOpertionFramework.GetTest" time="2.738" errors="0" timestamp="2022-09-07T13:19:54 IST" skipped="0">
  <testcase classname="crudOpertionFramework.GetTest" name="get" time="2.738"/>
  <system-out/>
</testsuite> <!-- crudOpertionFramework.GetTest -->
