<?xml version="1.0" encoding="UTF-8"?>
<!-- Generated by org.testng.reporters.JUnitReportReporter -->
<testsuite hostname="DESKTOP-CU5DURS" failures="0" tests="1" name="crudOperationWithoutBDD.UpdateProjectTest" time="3.231" errors="0" timestamp="2022-09-01T17:22:46 IST" skipped="0">
  <testcase classname="crudOperationWithoutBDD.UpdateProjectTest" name="updateProject" time="3.231"/>
  <system-out/>
</testsuite> <!-- crudOperationWithoutBDD.UpdateProjectTest -->
