<?xml version="1.0" encoding="UTF-8"?>
<!-- Generated by org.testng.reporters.JUnitReportReporter -->
<testsuite hostname="DESKTOP-CU5DURS" failures="0" tests="1" name="crudOperationWithoutBDD.GetProjectsTest" time="2.736" errors="0" timestamp="2022-09-02T11:18:34 IST" skipped="0">
  <testcase classname="crudOperationWithoutBDD.GetProjectsTest" name="getallProjects" time="2.736"/>
  <system-out/>
</testsuite> <!-- crudOperationWithoutBDD.GetProjectsTest -->
