<?xml version="1.0" encoding="UTF-8"?>
<!-- Generated by org.testng.reporters.JUnitReportReporter -->
<testsuite hostname="DESKTOP-CU5DURS" failures="0" tests="1" name="crudOpertionFramework.GetsingleTest" time="2.972" errors="0" timestamp="2022-09-07T14:52:06 IST" skipped="0">
  <testcase classname="crudOpertionFramework.GetsingleTest" name="getsingle" time="2.972"/>
  <system-out/>
</testsuite> <!-- crudOpertionFramework.GetsingleTest -->
