<?xml version="1.0" encoding="UTF-8"?>
<!-- Generated by org.testng.reporters.JUnitReportReporter -->
<testsuite hostname="DESKTOP-CU5DURS" failures="0" tests="1" name="reqresApi.PostWithBdd" time="4.869" errors="0" timestamp="2022-09-05T11:04:11 IST" skipped="0">
  <testcase classname="reqresApi.PostWithBdd" name="postReqres" time="4.869"/>
  <system-out/>
</testsuite> <!-- reqresApi.PostWithBdd -->
