<?xml version="1.0" encoding="UTF-8"?>
<!-- Generated by org.testng.reporters.JUnitReportReporter -->
<testsuite hostname="DESKTOP-CU5DURS" failures="0" tests="1" name="crudOpertionFramework.UpdateTest" time="3.854" errors="0" timestamp="2022-09-07T14:58:03 IST" skipped="0">
  <testcase classname="crudOpertionFramework.UpdateTest" name="update" time="3.854"/>
  <system-out/>
</testsuite> <!-- crudOpertionFramework.UpdateTest -->
