<?xml version="1.0" encoding="UTF-8"?>
<!-- Generated by org.testng.reporters.JUnitReportReporter -->
<testsuite hostname="DESKTOP-CU5DURS" failures="0" tests="1" name="reqresApi.UpdateTest" time="5.371" errors="0" timestamp="2022-09-05T11:41:13 IST" skipped="0">
  <testcase classname="reqresApi.UpdateTest" name="updateReqres" time="5.371"/>
  <system-out/>
</testsuite> <!-- reqresApi.UpdateTest -->
