<?xml version="1.0" encoding="UTF-8"?>
<!-- Generated by org.testng.reporters.JUnitReportReporter -->
<testsuite hostname="DESKTOP-CU5DURS" failures="0" tests="1" name="validation.TimeValidationTest" time="4.209" errors="0" timestamp="2022-09-05T15:25:07 IST" skipped="0">
  <testcase classname="validation.TimeValidationTest" name="timevalidation" time="4.209"/>
  <system-out/>
</testsuite> <!-- validation.TimeValidationTest -->
