<?xml version="1.0" encoding="UTF-8"?>
<!-- Generated by org.testng.reporters.JUnitReportReporter -->
<testsuite hostname="DESKTOP-CU5DURS" failures="0" tests="1" name="requestChaining.PostAndDeletTest" time="4.708" errors="0" timestamp="2022-09-05T17:05:24 IST" skipped="0">
  <testcase classname="requestChaining.PostAndDeletTest" name="postanddelete" time="4.708"/>
  <system-out/>
</testsuite> <!-- requestChaining.PostAndDeletTest -->
