<?xml version="1.0" encoding="UTF-8"?>
<!-- Generated by org.testng.reporters.JUnitReportReporter -->
<testsuite hostname="DESKTOP-CU5DURS" failures="0" tests="1" name="parameter.PathparamTest" time="2.707" errors="0" timestamp="2022-09-06T12:08:04 IST" skipped="0">
  <testcase classname="parameter.PathparamTest" name="pathparam" time="2.707"/>
  <system-out/>
</testsuite> <!-- parameter.PathparamTest -->
