<?xml version="1.0" encoding="UTF-8"?>
<!-- Generated by org.testng.reporters.JUnitReportReporter -->
<testsuite hostname="DESKTOP-CU5DURS" failures="0" tests="1" name="authentication.BearerTokenTest" time="4.441" errors="0" timestamp="2022-09-06T12:51:08 IST" skipped="0">
  <testcase classname="authentication.BearerTokenTest" name="authentication" time="4.441"/>
  <system-out/>
</testsuite> <!-- authentication.BearerTokenTest -->
