<?xml version="1.0" encoding="UTF-8"?>
<!-- Generated by org.testng.reporters.JUnitReportReporter -->
<testsuite hostname="DESKTOP-CU5DURS" failures="0" tests="1" name="reqresApi.Getreqres" time="3.322" errors="0" timestamp="2022-09-05T11:17:27 IST" skipped="0">
  <testcase classname="reqresApi.Getreqres" name="getreqres" time="3.322"/>
  <system-out/>
</testsuite> <!-- reqresApi.Getreqres -->
