<?xml version="1.0" encoding="UTF-8"?>
<!-- Generated by org.testng.reporters.JUnitReportReporter -->
<testsuite hostname="DESKTOP-CU5DURS" failures="0" tests="1" name="authentication.FormparamTest" time="6.004" errors="0" timestamp="2022-09-06T15:40:03 IST" skipped="0">
  <testcase classname="authentication.FormparamTest" name="authentication" time="6.004"/>
  <system-out/>
</testsuite> <!-- authentication.FormparamTest -->
