<?xml version="1.0" encoding="UTF-8"?>
<!-- Generated by org.testng.reporters.JUnitReportReporter -->
<testsuite hostname="DESKTOP-CU5DURS" failures="0" tests="1" name="crudOpertionFramework.DeleteTest" time="2.956" errors="0" timestamp="2022-09-07T14:18:40 IST" skipped="0">
  <testcase classname="crudOpertionFramework.DeleteTest" name="delete" time="2.956"/>
  <system-out/>
</testsuite> <!-- crudOpertionFramework.DeleteTest -->
