<?xml version="1.0" encoding="UTF-8"?>
<!-- Generated by org.testng.reporters.JUnitReportReporter -->
<testsuite hostname="DESKTOP-CU5DURS" failures="0" tests="1" name="crudOpertionFramework.PostTest" time="3.478" errors="0" timestamp="2022-09-07T13:14:37 IST" skipped="0">
  <testcase classname="crudOpertionFramework.PostTest" name="post" time="3.478"/>
  <system-out/>
</testsuite> <!-- crudOpertionFramework.PostTest -->
