<?xml version="1.0" encoding="UTF-8"?>
<!-- Generated by org.testng.reporters.JUnitReportReporter -->
<testsuite hostname="DESKTOP-CU5DURS" failures="0" tests="1" name="parameter.Queryparameter" time="5.346" errors="0" timestamp="2022-09-06T12:07:18 IST" skipped="0">
  <testcase classname="parameter.Queryparameter" name="queryparameter" time="5.346"/>
  <system-out/>
</testsuite> <!-- parameter.Queryparameter -->
