<?xml version="1.0" encoding="UTF-8"?>
<!-- Generated by org.testng.reporters.JUnitReportReporter -->
<testsuite hostname="DESKTOP-CU5DURS" failures="0" tests="1" name="assighnmentsSwaggerPetStore.PoststoreTest" time="5.001" errors="0" timestamp="2022-09-06T16:57:44 IST" skipped="0">
  <testcase classname="assighnmentsSwaggerPetStore.PoststoreTest" name="poststore" time="5.001"/>
  <system-out/>
</testsuite> <!-- assighnmentsSwaggerPetStore.PoststoreTest -->
