<?xml version="1.0" encoding="UTF-8"?>
<!-- Generated by org.testng.reporters.JUnitReportReporter -->
<testsuite hostname="DESKTOP-CU5DURS" failures="0" tests="1" name="swaggerDifferentWayToPost.JsonObjectTest" time="2.961" errors="0" timestamp="2022-09-02T17:24:43 IST" skipped="0">
  <testcase classname="swaggerDifferentWayToPost.JsonObjectTest" name="jsonObject" time="2.961"/>
  <system-out/>
</testsuite> <!-- swaggerDifferentWayToPost.JsonObjectTest -->
