<?xml version="1.0" encoding="UTF-8"?>
<!-- Generated by org.testng.reporters.JUnitReportReporter -->
<testsuite hostname="DESKTOP-CU5DURS" failures="0" tests="1" name="reqresApi.GetlistResourcesTest" time="3.529" errors="0" timestamp="2022-09-05T11:34:00 IST" skipped="0">
  <testcase classname="reqresApi.GetlistResourcesTest" name="getlistresources" time="3.529"/>
  <system-out/>
</testsuite> <!-- reqresApi.GetlistResourcesTest -->
