<?xml version="1.0" encoding="UTF-8"?>
<!-- Generated by org.testng.reporters.JUnitReportReporter -->
<testsuite hostname="DESKTOP-CU5DURS" failures="0" tests="1" name="validation.DynamicResponce" time="4.508" errors="0" timestamp="2022-09-05T13:25:00 IST" skipped="0">
  <testcase classname="validation.DynamicResponce" name="dynamicResponse" time="4.508"/>
  <system-out/>
</testsuite> <!-- validation.DynamicResponce -->
