<?xml version="1.0" encoding="UTF-8"?>
<!-- Generated by org.testng.reporters.JUnitReportReporter -->
<testsuite hostname="DESKTOP-CU5DURS" failures="0" tests="1" name="swaggerDifferentWayToPost.PostpojoTest" time="3.122" errors="0" timestamp="2022-09-02T17:12:15 IST" skipped="0">
  <testcase classname="swaggerDifferentWayToPost.PostpojoTest" name="post" time="3.122"/>
  <system-out/>
</testsuite> <!-- swaggerDifferentWayToPost.PostpojoTest -->
