<?xml version="1.0" encoding="UTF-8"?>
<!-- Generated by org.testng.reporters.JUnitReportReporter -->
<testsuite hostname="DESKTOP-CU5DURS" failures="0" tests="1" name="swaggerDifferentWayToPost.PostByHashmapTest" time="3.357" errors="0" timestamp="2022-09-03T10:42:36 IST" skipped="0">
  <testcase classname="swaggerDifferentWayToPost.PostByHashmapTest" name="hashmapPost" time="3.357"/>
  <system-out/>
</testsuite> <!-- swaggerDifferentWayToPost.PostByHashmapTest -->
