<?xml version="1.0" encoding="UTF-8"?>
<!-- Generated by org.testng.reporters.JUnitReportReporter -->
<testsuite hostname="DESKTOP-CU5DURS" failures="0" tests="1" name="requestChaining.PostandGetandUpdateTest" time="4.589" errors="0" timestamp="2022-09-05T17:55:24 IST" skipped="0">
  <testcase classname="requestChaining.PostandGetandUpdateTest" name="postandupdate" time="4.589"/>
  <system-out/>
</testsuite> <!-- requestChaining.PostandGetandUpdateTest -->
