<?xml version="1.0" encoding="UTF-8"?>
<!-- Generated by org.testng.reporters.JUnitReportReporter -->
<testsuite hostname="DESKTOP-CU5DURS" failures="0" tests="1" name="swaggerDifferentWayToPost.PostByjsonFileTest" time="2.556" errors="0" timestamp="2022-09-03T10:57:06 IST" skipped="0">
  <testcase classname="swaggerDifferentWayToPost.PostByjsonFileTest" name="postByjsonFile" time="2.556"/>
  <system-out/>
</testsuite> <!-- swaggerDifferentWayToPost.PostByjsonFileTest -->
