<?xml version="1.0" encoding="UTF-8"?>
<!-- Generated by org.testng.reporters.JUnitReportReporter -->
<testsuite hostname="DESKTOP-CU5DURS" failures="0" tests="1" name="requestChaining.GetandDelete" time="4.131" errors="0" timestamp="2022-09-05T17:17:58 IST" skipped="0">
  <testcase classname="requestChaining.GetandDelete" name="getanddelete" time="4.131"/>
  <system-out/>
</testsuite> <!-- requestChaining.GetandDelete -->
