<?xml version="1.0" encoding="UTF-8"?>
<!-- Generated by org.testng.reporters.JUnitReportReporter -->
<testsuite hostname="DESKTOP-CU5DURS" failures="0" tests="1" name="reqresApi.GetlistOfUsers" time="4.063" errors="0" timestamp="2022-09-05T11:25:49 IST" skipped="0">
  <testcase classname="reqresApi.GetlistOfUsers" name="getlistofusers" time="4.063"/>
  <system-out/>
</testsuite> <!-- reqresApi.GetlistOfUsers -->
