<?xml version="1.0" encoding="UTF-8"?>
<!-- Generated by org.testng.reporters.JUnitReportReporter -->
<testsuite hostname="DESKTOP-CU5DURS" failures="0" tests="1" name="endToEndautomateRMGYANTRA.AutomateRmgTest" time="10.817" errors="0" timestamp="2022-09-07T17:48:13 IST" skipped="0">
  <testcase classname="endToEndautomateRMGYANTRA.AutomateRmgTest" name="automatePostRmg" time="10.817"/>
  <system-out/>
</testsuite> <!-- endToEndautomateRMGYANTRA.AutomateRmgTest -->
