<?xml version="1.0" encoding="UTF-8"?>
<!-- Generated by org.testng.reporters.JUnitReportReporter -->
<testsuite hostname="DESKTOP-CU5DURS" failures="0" tests="2" name="authentication.BasicAuthpreAnddigestiveTest" time="3.173" errors="0" timestamp="2022-09-06T12:34:40 IST" skipped="0">
  <testcase classname="authentication.BasicAuthpreAnddigestiveTest" name="digestiveauth" time="2.990"/>
  <system-out/>
  <testcase classname="authentication.BasicAuthpreAnddigestiveTest" name="preamtiveAuth" time="0.183"/>
  <system-out/>
</testsuite> <!-- authentication.BasicAuthpreAnddigestiveTest -->
