<?xml version="1.0" encoding="UTF-8"?>
<!-- Generated by org.testng.reporters.JUnitReportReporter -->
<testsuite hostname="DESKTOP-CU5DURS" failures="0" tests="1" name="requestChaining.PostandGetTest" time="4.800" errors="0" timestamp="2022-09-05T16:13:20 IST" skipped="0">
  <testcase classname="requestChaining.PostandGetTest" name="postandgetdata" time="4.800"/>
  <system-out/>
</testsuite> <!-- requestChaining.PostandGetTest -->
