<?xml version="1.0" encoding="UTF-8"?>
<!-- Generated by org.testng.reporters.JUnitReportReporter -->
<testsuite hostname="DESKTOP-CU5DURS" failures="0" tests="1" name="crudOperationWithoutBDD.AddProjectTest" time="3.431" errors="0" timestamp="2022-09-01T16:42:09 IST" skipped="0">
  <testcase classname="crudOperationWithoutBDD.AddProjectTest" name="create" time="3.431"/>
  <system-out/>
</testsuite> <!-- crudOperationWithoutBDD.AddProjectTest -->
