<?xml version="1.0" encoding="UTF-8"?>
<!-- Generated by org.testng.reporters.JUnitReportReporter -->
<testsuite hostname="DESKTOP-CU5DURS" failures="0" tests="1" name="authentication.BasicauthTest" time="2.825" errors="0" timestamp="2022-09-06T12:24:06 IST" skipped="0">
  <testcase classname="authentication.BasicauthTest" name="basicAuth" time="2.825"/>
  <system-out/>
</testsuite> <!-- authentication.BasicauthTest -->
