<?xml version="1.0" encoding="UTF-8"?>
<!-- Generated by org.testng.reporters.JUnitReportReporter -->
<testsuite hostname="DESKTOP-CU5DURS" failures="0" tests="1" name="crudOperationWithBDD.GetProjectsTest" time="2.547" errors="0" timestamp="2022-09-02T15:31:35 IST" skipped="0">
  <testcase classname="crudOperationWithBDD.GetProjectsTest" name="getProject" time="2.547"/>
  <system-out/>
</testsuite> <!-- crudOperationWithBDD.GetProjectsTest -->
