<?xml version="1.0" encoding="UTF-8"?>
<!-- Generated by org.testng.reporters.JUnitReportReporter -->
<testsuite hostname="DESKTOP-CU5DURS" failures="0" tests="1" name="reqresApi.GetlistResources" time="4.275" errors="0" timestamp="2022-09-05T11:29:57 IST" skipped="0">
  <testcase classname="reqresApi.GetlistResources" name="getlistresources" time="4.275"/>
  <system-out/>
</testsuite> <!-- reqresApi.GetlistResources -->
