<?xml version="1.0" encoding="UTF-8"?>
<!-- Generated by org.testng.reporters.JUnitReportReporter -->
<testsuite hostname="DESKTOP-CU5DURS" failures="0" tests="1" name="reqresApi.DeleteTest" time="4.221" errors="0" timestamp="2022-09-05T11:36:00 IST" skipped="0">
  <testcase classname="reqresApi.DeleteTest" name="delete" time="4.221"/>
  <system-out/>
</testsuite> <!-- reqresApi.DeleteTest -->
